<?xml version="1.0" encoding="UTF-8"?>
<!-- Generated by org.testng.reporters.JUnitReportReporter -->
<testsuite hostname="Jayaramans-MacBook-Air.local" failures="0" tests="5" name="codingAssessment.CodilityApplication" time="24.828" errors="0" timestamp="2024-08-07T13:00:34 NZST" skipped="0">
  <testcase classname="codingAssessment.CodilityApplication" name="fieldsCheck" time="4.758"/>
  <system-out/>
  <testcase classname="codingAssessment.CodilityApplication" name="ValidCredentialsCheck" time="4.836"/>
  <system-out/>
  <testcase classname="codingAssessment.CodilityApplication" name="wrongCredentialsCheck" time="4.859"/>
  <system-out/>
  <testcase classname="codingAssessment.CodilityApplication" name="invalidEmailCheck" time="5.542"/>
  <system-out/>
  <testcase classname="codingAssessment.CodilityApplication" name="invalidPasswordCeck" time="4.833"/>
  <system-out/>
</testsuite> <!-- codingAssessment.CodilityApplication -->
