<?xml version="1.0" encoding="UTF-8"?>
<!-- Generated by org.testng.reporters.JUnitReportReporter -->
<testsuite hostname="Jayaramans-MacBook-Air.local" failures="0" tests="2" name="flightBooking.LearnArrays" time="0.005" errors="0" timestamp="2024-09-12T12:30:34 IST" skipped="0">
  <testcase classname="flightBooking.LearnArrays" name="simplaArray" time="0.004"/>
  <system-out/>
  <testcase classname="flightBooking.LearnArrays" name="dynamicArray" time="0.001"/>
  <system-out/>
</testsuite> <!-- flightBooking.LearnArrays -->
