<?xml version="1.0" encoding="UTF-8"?>
<!-- Generated by org.testng.reporters.JUnitReportReporter -->
<testsuite hostname="Jayaramans-MacBook-Air.local" failures="0" tests="1" name="flightBooking.SingaporeAirLineTest" time="4.127" errors="0" timestamp="2024-07-28T20:45:11 NZST" skipped="0">
  <testcase classname="flightBooking.SingaporeAirLineTest" name="loginToSingaporeAirline" time="4.127"/>
  <system-out/>
</testsuite> <!-- flightBooking.SingaporeAirLineTest -->
